<?xml version="1.0" encoding="UTF-8"?>
<!-- Generated by org.testng.reporters.JUnitXMLReporter -->
<testsuite ignored="0" hostname="ILAPO-22-1543" failures="1" tests="1" name="Default test" time="9.919" errors="0" timestamp="2024-09-27T15:54:29 IST">
  <testcase classname="io.cucumber.testng.AbstractTestNGCucumberTests" name="runScenario" time="9.348">
    <failure type="java.lang.NullPointerException" message="Cannot invoke &amp;quot;org.openqa.selenium.WebElement.findElement(org.openqa.selenium.By)&amp;quot; because &amp;quot;prod&amp;quot; is null">
      <![CDATA[java.lang.NullPointerException: Cannot invoke "org.openqa.selenium.WebElement.findElement(org.openqa.selenium.By)" because "prod" is null
at KanhaFramework.pageObjects.ProductCatalogue.addProductToCart(ProductCatalogue.java:45)
at KanhaFrameworkDesign.stepDefinitions.StepDefinationImp.i_add_product_to_cart(StepDefinationImp.java:53)
at ✽.I add product product to cart(file:///C:/Users/kanhucharan.ghadai/eclipse-workspace/Framework/src/test/java/Cucumber/PurchaseOrder.feature:8)
]]>
    </failure>
  </testcase> <!-- runScenario -->
</testsuite> <!-- Default test -->
