<?xml version="1.0" encoding="UTF-8"?>
<!-- Generated by org.testng.reporters.JUnitXMLReporter -->
<testsuite ignored="0" hostname="ILAPO-22-1543" failures="0" tests="2" name="Error Validation Test " time="24.073" errors="0" timestamp="2024-10-13T15:20:09 IST">
  <testcase classname="KanhaFrameworkDesign.tests.ErrorValidationTest" name="loginErrorValidation" time="0.801"/>
  <testcase classname="KanhaFrameworkDesign.tests.ErrorValidationTest" name="productErrorValidation" time="9.506"/>
</testsuite> <!-- Error Validation Test  -->
