<?xml version="1.0" encoding="UTF-8"?>
<testng-results ignored="0" total="2" passed="2" failed="0" skipped="0">
  <reporter-output>
  </reporter-output>
  <suite started-at="2024-10-13T15:19:44 IST" name="Suite" finished-at="2024-10-13T15:20:09 IST" duration-ms="24073">
    <groups>
      <group name="ErrorHandling">
        <method signature="ErrorValidationTest.loginErrorValidation()[pri:0, instance:KanhaFrameworkDesign.tests.ErrorValidationTest@38145825]" name="loginErrorValidation" class="KanhaFrameworkDesign.tests.ErrorValidationTest"/>
      </group> <!-- ErrorHandling -->
      <group name="Purchase">
        <method signature="SampleTest.submitOrder(java.util.HashMap)[pri:0, instance:KanhaFrameworkDesign.tests.SampleTest@5965d37]" name="submitOrder" class="KanhaFrameworkDesign.tests.SampleTest"/>
      </group> <!-- Purchase -->
    </groups>
    <test started-at="2024-10-13T15:19:44 IST" name="Base Test " finished-at="2024-10-13T15:19:44 IST" duration-ms="12">
    </test> <!-- Base Test  -->
    <test started-at="2024-10-13T15:19:44 IST" name="Error Validation Test " finished-at="2024-10-13T15:20:09 IST" duration-ms="24073">
      <class name="KanhaFrameworkDesign.tests.ErrorValidationTest">
        <test-method is-config="true" signature="launchApplication()[pri:0, instance:KanhaFrameworkDesign.tests.ErrorValidationTest@38145825]" started-at="2024-10-13T15:19:44 IST" name="launchApplication" finished-at="2024-10-13T15:19:53 IST" duration-ms="8288" status="PASS">
          <reporter-output>
          </reporter-output>
        </test-method> <!-- launchApplication -->
        <test-method signature="loginErrorValidation()[pri:0, instance:KanhaFrameworkDesign.tests.ErrorValidationTest@38145825]" started-at="2024-10-13T15:19:53 IST" name="loginErrorValidation" finished-at="2024-10-13T15:19:54 IST" duration-ms="801" status="PASS">
          <reporter-output>
          </reporter-output>
        </test-method> <!-- loginErrorValidation -->
        <test-method is-config="true" signature="tearDown()[pri:0, instance:KanhaFrameworkDesign.tests.ErrorValidationTest@38145825]" started-at="2024-10-13T15:19:54 IST" name="tearDown" finished-at="2024-10-13T15:19:54 IST" duration-ms="214" status="PASS">
          <reporter-output>
          </reporter-output>
        </test-method> <!-- tearDown -->
        <test-method is-config="true" signature="launchApplication()[pri:0, instance:KanhaFrameworkDesign.tests.ErrorValidationTest@38145825]" started-at="2024-10-13T15:19:54 IST" name="launchApplication" finished-at="2024-10-13T15:19:59 IST" duration-ms="5020" status="PASS">
          <reporter-output>
          </reporter-output>
        </test-method> <!-- launchApplication -->
        <test-method signature="productErrorValidation()[pri:0, instance:KanhaFrameworkDesign.tests.ErrorValidationTest@38145825]" started-at="2024-10-13T15:19:59 IST" name="productErrorValidation" finished-at="2024-10-13T15:20:08 IST" duration-ms="9506" status="PASS">
          <reporter-output>
          </reporter-output>
        </test-method> <!-- productErrorValidation -->
        <test-method is-config="true" signature="tearDown()[pri:0, instance:KanhaFrameworkDesign.tests.ErrorValidationTest@38145825]" started-at="2024-10-13T15:20:08 IST" name="tearDown" finished-at="2024-10-13T15:20:09 IST" duration-ms="146" status="PASS">
          <reporter-output>
          </reporter-output>
        </test-method> <!-- tearDown -->
      </class> <!-- KanhaFrameworkDesign.tests.ErrorValidationTest -->
    </test> <!-- Error Validation Test  -->
  </suite> <!-- Suite -->
</testng-results>
