<?xml version="1.0" encoding="UTF-8"?>
<!-- Generated by org.testng.reporters.JUnitReportReporter -->
<testsuite hostname="ILAPO-22-1543" failures="0" tests="1" name="Cucumber.TestNGTestRunner" time="9.348" errors="1" timestamp="2024-09-27T15:54:30 IST" skipped="0">
  <testcase classname="Cucumber.TestNGTestRunner" name="runScenario" time="9.348">
    <error message="Cannot invoke &quot;org.openqa.selenium.WebElement.findElement(org.openqa.selenium.By)&quot; because &quot;prod&quot; is null" type="java.lang.NullPointerException">
      <![CDATA[java.lang.NullPointerException: Cannot invoke "org.openqa.selenium.WebElement.findElement(org.openqa.selenium.By)" because "prod" is null
at KanhaFramework.pageObjects.ProductCatalogue.addProductToCart(ProductCatalogue.java:45)
at KanhaFrameworkDesign.stepDefinitions.StepDefinationImp.i_add_product_to_cart(StepDefinationImp.java:53)
at ✽.I add product product to cart(file:///C:/Users/kanhucharan.ghadai/eclipse-workspace/Framework/src/test/java/Cucumber/PurchaseOrder.feature:8)
]]>
    </error>
  </testcase> <!-- runScenario -->
</testsuite> <!-- Cucumber.TestNGTestRunner -->
